<?xml version="1.0" encoding="UTF-8"?>
<!-- Generated by org.testng.reporters.JUnitReportReporter -->
<testsuite hostname="DESKTOP-9FKU52G" failures="0" tests="1" name="TestCases.VerifySignUp" time="48.413" errors="0" timestamp="2022-04-13T04:44:06 IST" skipped="0">
  <testcase classname="TestCases.VerifySignUp" name="enterdetails" time="48.413"/>
  <system-out/>
</testsuite> <!-- TestCases.VerifySignUp -->
