<?xml version="1.0" encoding="UTF-8"?>
<!-- Generated by org.testng.reporters.JUnitReportReporter -->
<testsuite hostname="DESKTOP-9FKU52G" failures="0" tests="1" name="TestCases.VerifySignIn" time="27.474" errors="0" timestamp="2022-04-13T00:53:23 IST" skipped="0">
  <testcase classname="TestCases.VerifySignIn" name="enterCredientials" time="27.474"/>
  <system-out/>
</testsuite> <!-- TestCases.VerifySignIn -->
